Sending build context to Docker daemon    486MB
Step 1/16 : FROM joursain/rpi-jupyterlab:buster
# Executing 1 build trigger
 ---> Using cache
 ---> b3c2dce1d6f0
Step 2/16 : LABEL "guru.raraavis.creator"="blog@raraavis.guru"
 ---> Using cache
 ---> ab6256001e79
Step 3/16 : LABEL "guru.raraavis.version"="1.1.0"
 ---> Using cache
 ---> 2f95d74a81fc
Step 4/16 : LABEL "guru.raraavis.release-date"="28/02/2021"
 ---> Using cache
 ---> 1001a1bd39e3
Step 5/16 : LABEL "guru.raraavis.description"="Raspberry Pi image with JupyterLab Kernels"
 ---> Using cache
 ---> bbbe5af3c895
Step 6/16 : USER    root
 ---> Using cache
 ---> ddc0a5065494
Step 7/16 : RUN     whoami && pwd && ls -la
 ---> Using cache
 ---> 139702d4ff3c
Step 8/16 : WORKDIR /home/jupyter/ai
 ---> Using cache
 ---> cd871b79feb3
Step 9/16 : RUN     chown -R jupyter:jupyter /home/jupyter/ai
 ---> Using cache
 ---> 22061c36b5b3
Step 10/16 : USER    jupyter
 ---> Using cache
 ---> c7043794e1d2
Step 11/16 : COPY --chown=jupyter    tensorflow-2.4.0-cp37-none-linux_armv7l.whl .
 ---> Using cache
 ---> a279d6f0245f
Step 12/16 : COPY --chown=jupyter    torch-1.8.0a0+37c1f4a-cp37-cp37m-linux_armv7l.whl .
 ---> Using cache
 ---> fb15d42f2996
Step 13/16 : RUN     python3 -m venv envailite
 ---> Using cache
 ---> 14e43d5baa68
Step 14/16 : RUN     source envailite/bin/activate &&         python3 -m pip install --upgrade pip setuptools wheel &&         python3 -m pip install --extra-index-url https://google-coral.github.io/py-repo/ tflite_runtime &&         python3 -m pip install                 tflite-runtime &&         python3 -m pip install                 ipykernel                 dask[complete]                 keras                 numpy                 scipy                 scikit-learn                 pandas                 matplotlib                 opencv-contrib-python==4.5.3.56                 theano                 seaborn                 scikit-fuzzy                 mlflow                 pyforest                 typing-extensions                 nltk &&         python3 -m ipykernel install --user --display-name='Python AI Lite' --name=envpyai &&         deactivate
 ---> Using cache
 ---> 50a8a0391018
Step 15/16 : RUN     python3 -m venv envai
 ---> Using cache
 ---> 087371aec6a8
Step 16/16 : RUN     source envai/bin/activate &&         python3 -m pip install --upgrade pip setuptools wheel &&         python3 -m pip install                 ipykernel                 dask[complete]                 keras                 numpy                 scipy                 scikit-learn                 pandas                 matplotlib                 opencv-contrib-python==4.5.3.56                 theano                 seaborn                 scikit-fuzzy                 mlflow                 pyforest                 typing-extensions                 nltk &&         python3 -m ipykernel install --user --display-name='Python AI' --name=envpyai &&         deactivate
 ---> Running in 7c3b7a9a8fd8
Looking in indexes: https://pypi.org/simple, https://www.piwheels.org/simple
Requirement already satisfied: pip in ./envai/lib/python3.9/site-packages (20.3.4)
Collecting pip
  Using cached https://www.piwheels.org/simple/pip/pip-21.3.1-py3-none-any.whl (1.7 MB)
Requirement already satisfied: setuptools in ./envai/lib/python3.9/site-packages (44.1.1)
Collecting setuptools
  Using cached https://www.piwheels.org/simple/setuptools/setuptools-59.1.1-py3-none-any.whl (951 kB)
Collecting wheel
  Using cached https://www.piwheels.org/simple/wheel/wheel-0.37.0-py2.py3-none-any.whl (35 kB)
Installing collected packages: wheel, setuptools, pip
  Attempting uninstall: setuptools
    Found existing installation: setuptools 44.1.1
    Uninstalling setuptools-44.1.1:
      Successfully uninstalled setuptools-44.1.1
  Attempting uninstall: pip
    Found existing installation: pip 20.3.4
    Uninstalling pip-20.3.4:
      Successfully uninstalled pip-20.3.4
Successfully installed pip-21.3.1 setuptools-59.1.1 wheel-0.37.0
Looking in indexes: https://pypi.org/simple, https://www.piwheels.org/simple
Collecting ipykernel
  Using cached https://www.piwheels.org/simple/ipykernel/ipykernel-6.5.0-py3-none-any.whl (125 kB)
Collecting dask[complete]
  Using cached https://www.piwheels.org/simple/dask/dask-2021.11.1-py3-none-any.whl (1.0 MB)
Collecting keras
  Using cached keras-2.7.0-py2.py3-none-any.whl (1.3 MB)
Collecting numpy
  Using cached https://www.piwheels.org/simple/numpy/numpy-1.21.4-cp39-cp39-linux_armv7l.whl (12.2 MB)
Collecting scipy
  Using cached https://www.piwheels.org/simple/scipy/scipy-1.7.2-cp39-cp39-linux_armv7l.whl (67.3 MB)
Collecting scikit-learn
  Using cached https://www.piwheels.org/simple/scikit-learn/scikit_learn-1.0.1-cp39-cp39-linux_armv7l.whl (22.7 MB)
Collecting pandas
  Using cached https://www.piwheels.org/simple/pandas/pandas-1.3.4-cp39-cp39-linux_armv7l.whl (36.2 MB)
Collecting matplotlib
  Using cached https://www.piwheels.org/simple/matplotlib/matplotlib-3.5.0-cp39-cp39-linux_armv7l.whl (10.7 MB)
Collecting opencv-contrib-python==4.5.3.56
  Using cached https://www.piwheels.org/simple/opencv-contrib-python/opencv_contrib_python-4.5.3.56-cp39-cp39-linux_armv7l.whl (16.7 MB)
Collecting theano
  Using cached https://www.piwheels.org/simple/theano/Theano-1.0.5-py3-none-any.whl (2.7 MB)
Collecting seaborn
  Using cached https://www.piwheels.org/simple/seaborn/seaborn-0.11.2-py3-none-any.whl (279 kB)
Collecting scikit-fuzzy
  Using cached https://www.piwheels.org/simple/scikit-fuzzy/scikit_fuzzy-0.4.2-py3-none-any.whl (894 kB)
Collecting mlflow
  Using cached https://www.piwheels.org/simple/mlflow/mlflow-1.21.0-py3-none-any.whl (16.9 MB)
Collecting pyforest
  Using cached https://www.piwheels.org/simple/pyforest/pyforest-1.1.0-py2.py3-none-any.whl (14 kB)
Collecting typing-extensions
  Using cached https://www.piwheels.org/simple/typing-extensions/typing_extensions-4.0.0-py3-none-any.whl (22 kB)
Collecting nltk
  Using cached https://www.piwheels.org/simple/nltk/nltk-3.6.5-py3-none-any.whl (1.5 MB)
Collecting ipython<8.0,>=7.23.1
  Using cached https://www.piwheels.org/simple/ipython/ipython-7.29.0-py3-none-any.whl (790 kB)
Collecting debugpy<2.0,>=1.0.0
  Using cached https://www.piwheels.org/simple/debugpy/debugpy-1.5.1-cp39-cp39-linux_armv7l.whl (3.0 MB)
Collecting traitlets<6.0,>=5.1.0
  Using cached https://www.piwheels.org/simple/traitlets/traitlets-5.1.1-py3-none-any.whl (102 kB)
Collecting tornado<7.0,>=4.2
  Using cached https://www.piwheels.org/simple/tornado/tornado-6.1-cp39-cp39-linux_armv7l.whl (421 kB)
Collecting jupyter-client<8.0
  Using cached https://www.piwheels.org/simple/jupyter-client/jupyter_client-7.0.6-py3-none-any.whl (125 kB)
Collecting matplotlib-inline<0.2.0,>=0.1.0
  Using cached https://www.piwheels.org/simple/matplotlib-inline/matplotlib_inline-0.1.3-py3-none-any.whl (9.1 kB)
Collecting partd>=0.3.10
  Using cached https://www.piwheels.org/simple/partd/partd-1.2.0-py3-none-any.whl (19 kB)
Collecting packaging>=20.0
  Using cached https://www.piwheels.org/simple/packaging/packaging-21.2-py3-none-any.whl (40 kB)
Collecting fsspec>=0.6.0
  Using cached https://www.piwheels.org/simple/fsspec/fsspec-2021.11.0-py3-none-any.whl (132 kB)
Collecting toolz>=0.8.2
  Using cached https://www.piwheels.org/simple/toolz/toolz-0.11.2-py3-none-any.whl (56 kB)
Collecting pyyaml
  Using cached https://www.piwheels.org/simple/pyyaml/PyYAML-6.0-cp39-cp39-linux_armv7l.whl (45 kB)
Collecting cloudpickle>=1.1.1
  Using cached https://www.piwheels.org/simple/cloudpickle/cloudpickle-2.0.0-py3-none-any.whl (25 kB)
Collecting bokeh!=2.0.0,>=1.0.0
  Using cached https://www.piwheels.org/simple/bokeh/bokeh-2.4.1-py3-none-any.whl (18.5 MB)
Collecting distributed==2021.11.1
  Using cached https://www.piwheels.org/simple/distributed/distributed-2021.11.1-py3-none-any.whl (789 kB)
Collecting jinja2
  Using cached https://www.piwheels.org/simple/jinja2/Jinja2-3.0.3-py3-none-any.whl (133 kB)
Collecting psutil>=5.0
  Using cached https://www.piwheels.org/simple/psutil/psutil-5.8.0-cp39-cp39-linux_armv7l.whl (280 kB)
Collecting click>=6.6
  Using cached https://www.piwheels.org/simple/click/click-8.0.3-py3-none-any.whl (97 kB)
Collecting tblib>=1.6.0
  Using cached https://www.piwheels.org/simple/tblib/tblib-1.7.0-py2.py3-none-any.whl (12 kB)
Collecting sortedcontainers!=2.0.0,!=2.0.1
  Using cached https://www.piwheels.org/simple/sortedcontainers/sortedcontainers-2.4.0-py2.py3-none-any.whl (29 kB)
Collecting zict>=0.1.3
  Using cached https://www.piwheels.org/simple/zict/zict-2.0.0-py3-none-any.whl (10 kB)
Requirement already satisfied: setuptools in ./envai/lib/python3.9/site-packages (from distributed==2021.11.1->dask[complete]) (59.1.1)
Collecting msgpack>=0.6.0
  Using cached https://www.piwheels.org/simple/msgpack/msgpack-1.0.2-cp39-cp39-linux_armv7l.whl (284 kB)
Collecting threadpoolctl>=2.0.0
  Using cached https://www.piwheels.org/simple/threadpoolctl/threadpoolctl-3.0.0-py3-none-any.whl (14 kB)
Collecting joblib>=0.11
  Using cached https://www.piwheels.org/simple/joblib/joblib-1.1.0-py2.py3-none-any.whl (306 kB)
Collecting python-dateutil>=2.7.3
  Using cached https://www.piwheels.org/simple/python-dateutil/python_dateutil-2.8.2-py2.py3-none-any.whl (247 kB)
Collecting pytz>=2017.3
  Using cached https://www.piwheels.org/simple/pytz/pytz-2021.3-py3-none-any.whl (511 kB)
Collecting kiwisolver>=1.0.1
  Using cached https://www.piwheels.org/simple/kiwisolver/kiwisolver-1.3.2-cp39-cp39-linux_armv7l.whl (1.1 MB)
Collecting pyparsing>=2.2.1
  Using cached https://www.piwheels.org/simple/pyparsing/pyparsing-3.0.6-py3-none-any.whl (97 kB)
Collecting cycler>=0.10
  Using cached https://www.piwheels.org/simple/cycler/cycler-0.11.0-py3-none-any.whl (6.4 kB)
Collecting fonttools>=4.22.0
  Using cached https://www.piwheels.org/simple/fonttools/fonttools-4.28.1-cp39-cp39-linux_armv7l.whl (1.3 MB)
Collecting pillow>=6.2.0
  Using cached https://www.piwheels.org/simple/pillow/Pillow-8.4.0-cp39-cp39-linux_armv7l.whl (1.1 MB)
Collecting six>=1.9.0
  Using cached https://www.piwheels.org/simple/six/six-1.16.0-py2.py3-none-any.whl (11 kB)
Collecting networkx>=1.9.0
  Using cached https://www.piwheels.org/simple/networkx/networkx-2.6.3-py3-none-any.whl (1.9 MB)
Collecting entrypoints
  Using cached https://www.piwheels.org/simple/entrypoints/entrypoints-0.3-py2.py3-none-any.whl (11 kB)
Collecting docker>=4.0.0
  Using cached https://www.piwheels.org/simple/docker/docker-5.0.3-py2.py3-none-any.whl (146 kB)
Collecting gitpython>=2.1.0
  Using cached https://www.piwheels.org/simple/gitpython/GitPython-3.1.24-py3-none-any.whl (180 kB)
Collecting alembic<=1.4.1
  Using cached https://www.piwheels.org/simple/alembic/alembic-1.4.1-py2.py3-none-any.whl (160 kB)
Collecting databricks-cli>=0.8.7
  Using cached https://www.piwheels.org/simple/databricks-cli/databricks_cli-0.16.2-py3-none-any.whl (108 kB)
Collecting Flask
  Using cached https://www.piwheels.org/simple/flask/Flask-2.0.2-py3-none-any.whl (95 kB)
Collecting prometheus-flask-exporter
  Using cached https://www.piwheels.org/simple/prometheus-flask-exporter/prometheus_flask_exporter-0.18.5-py3-none-any.whl (23 kB)
Collecting requests>=2.17.3
  Using cached https://www.piwheels.org/simple/requests/requests-2.26.0-py2.py3-none-any.whl (62 kB)
Collecting importlib-metadata!=4.7.0,>=3.7.0
  Using cached https://www.piwheels.org/simple/importlib-metadata/importlib_metadata-4.8.2-py3-none-any.whl (17 kB)
Collecting sqlalchemy
  Using cached https://www.piwheels.org/simple/sqlalchemy/SQLAlchemy-1.4.27-cp39-cp39-linux_armv7l.whl (1.6 MB)
Collecting gunicorn
  Using cached https://www.piwheels.org/simple/gunicorn/gunicorn-20.1.0-py3-none-any.whl (81 kB)
Collecting protobuf>=3.7.0
  Using cached https://www.piwheels.org/simple/protobuf/protobuf-3.19.1-py2.py3-none-any.whl (162 kB)
Collecting sqlparse>=0.3.1
  Using cached https://www.piwheels.org/simple/sqlparse/sqlparse-0.4.2-py3-none-any.whl (40 kB)
Collecting querystring-parser
  Using cached https://www.piwheels.org/simple/querystring-parser/querystring_parser-1.2.4-py3-none-any.whl (8.0 kB)
Collecting regex>=2021.8.3
  Using cached https://www.piwheels.org/simple/regex/regex-2021.11.10-cp39-cp39-linux_armv7l.whl (696 kB)
Collecting tqdm
  Using cached https://www.piwheels.org/simple/tqdm/tqdm-4.62.3-py2.py3-none-any.whl (76 kB)
Collecting python-editor>=0.3
  Using cached https://www.piwheels.org/simple/python-editor/python_editor-1.0.4-py3-none-any.whl (4.9 kB)
Collecting Mako
  Using cached https://www.piwheels.org/simple/mako/Mako-1.1.6-py2.py3-none-any.whl (76 kB)
Collecting tabulate>=0.7.7
  Using cached https://www.piwheels.org/simple/tabulate/tabulate-0.8.9-py3-none-any.whl (25 kB)
Collecting websocket-client>=0.32.0
  Using cached https://www.piwheels.org/simple/websocket-client/websocket_client-1.2.1-py2.py3-none-any.whl (52 kB)
Collecting gitdb<5,>=4.0.1
  Using cached https://www.piwheels.org/simple/gitdb/gitdb-4.0.9-py3-none-any.whl (63 kB)
Collecting zipp>=0.5
  Using cached https://www.piwheels.org/simple/zipp/zipp-3.6.0-py3-none-any.whl (5.3 kB)
Collecting pickleshare
  Using cached https://www.piwheels.org/simple/pickleshare/pickleshare-0.7.5-py2.py3-none-any.whl (6.9 kB)
Collecting jedi>=0.16
  Using cached https://www.piwheels.org/simple/jedi/jedi-0.18.1-py2.py3-none-any.whl (1.6 MB)
Collecting decorator
  Using cached https://www.piwheels.org/simple/decorator/decorator-5.1.0-py3-none-any.whl (10 kB)
Collecting backcall
  Using cached https://www.piwheels.org/simple/backcall/backcall-0.2.0-py2.py3-none-any.whl (11 kB)
Collecting prompt-toolkit!=3.0.0,!=3.0.1,<3.1.0,>=2.0.0
  Using cached https://www.piwheels.org/simple/prompt-toolkit/prompt_toolkit-3.0.22-py3-none-any.whl (374 kB)
Collecting pexpect>4.3
  Using cached https://www.piwheels.org/simple/pexpect/pexpect-4.8.0-py2.py3-none-any.whl (59 kB)
Collecting pygments
  Using cached https://www.piwheels.org/simple/pygments/Pygments-2.10.0-py3-none-any.whl (1.0 MB)
Collecting MarkupSafe>=2.0
  Using cached https://www.piwheels.org/simple/markupsafe/MarkupSafe-2.0.1-cp39-cp39-linux_armv7l.whl (25 kB)
Collecting jupyter-core>=4.6.0
  Using cached https://www.piwheels.org/simple/jupyter-core/jupyter_core-4.9.1-py3-none-any.whl (86 kB)
Collecting nest-asyncio>=1.5
  Using cached https://www.piwheels.org/simple/nest-asyncio/nest_asyncio-1.5.1-py3-none-any.whl (5.0 kB)
Collecting pyzmq>=13
  Using cached https://www.piwheels.org/simple/pyzmq/pyzmq-22.3.0-cp39-cp39-linux_armv7l.whl (6.8 MB)
Collecting pyparsing>=2.2.1
  Using cached https://www.piwheels.org/simple/pyparsing/pyparsing-2.4.7-py2.py3-none-any.whl (67 kB)
Collecting locket
  Using cached https://www.piwheels.org/simple/locket/locket-0.2.1-py2.py3-none-any.whl (4.1 kB)
Collecting idna<4,>=2.5
  Using cached https://www.piwheels.org/simple/idna/idna-3.3-py3-none-any.whl (64 kB)
Collecting urllib3<1.27,>=1.21.1
  Using cached https://www.piwheels.org/simple/urllib3/urllib3-1.26.7-py2.py3-none-any.whl (155 kB)
Collecting charset-normalizer~=2.0.0
  Using cached https://www.piwheels.org/simple/charset-normalizer/charset_normalizer-2.0.7-py3-none-any.whl (42 kB)
Collecting certifi>=2017.4.17
  Using cached https://www.piwheels.org/simple/certifi/certifi-2021.10.8-py2.py3-none-any.whl (151 kB)
Collecting itsdangerous>=2.0
  Using cached https://www.piwheels.org/simple/itsdangerous/itsdangerous-2.0.1-py3-none-any.whl (18 kB)
Collecting Werkzeug>=2.0
  Using cached https://www.piwheels.org/simple/werkzeug/Werkzeug-2.0.2-py3-none-any.whl (288 kB)
Collecting prometheus-client
  Using cached https://www.piwheels.org/simple/prometheus-client/prometheus_client-0.12.0-py2.py3-none-any.whl (60 kB)
Collecting smmap<6,>=3.0.1
  Using cached https://www.piwheels.org/simple/smmap/smmap-5.0.0-py3-none-any.whl (24 kB)
Collecting parso<0.9.0,>=0.8.0
  Using cached https://www.piwheels.org/simple/parso/parso-0.8.2-py2.py3-none-any.whl (94 kB)
Collecting ptyprocess>=0.5
  Using cached https://www.piwheels.org/simple/ptyprocess/ptyprocess-0.7.0-py2.py3-none-any.whl (13 kB)
Collecting wcwidth
  Using cached https://www.piwheels.org/simple/wcwidth/wcwidth-0.2.5-py2.py3-none-any.whl (30 kB)
Collecting heapdict
  Using cached https://www.piwheels.org/simple/heapdict/HeapDict-1.0.1-py3-none-any.whl (3.9 kB)
Installing collected packages: toolz, pyparsing, MarkupSafe, locket, Werkzeug, wcwidth, urllib3, traitlets, smmap, six, pyyaml, ptyprocess, partd, parso, packaging, jinja2, itsdangerous, idna, heapdict, fsspec, cloudpickle, click, charset-normalizer, certifi, zipp, zict, websocket-client, typing-extensions, tornado, tblib, tabulate, sqlalchemy, sortedcontainers, requests, pyzmq, pytz, python-editor, python-dateutil, pygments, psutil, prompt-toolkit, prometheus-client, pillow, pickleshare, pexpect, numpy, nest-asyncio, msgpack, matplotlib-inline, Mako, kiwisolver, jupyter-core, jedi, gitdb, fonttools, Flask, entrypoints, decorator, dask, cycler, backcall, tqdm, threadpoolctl, sqlparse, scipy, regex, querystring-parser, protobuf, prometheus-flask-exporter, pandas, networkx, matplotlib, jupyter-client, joblib, ipython, importlib-metadata, gunicorn, gitpython, docker, distributed, debugpy, databricks-cli, bokeh, alembic, theano, seaborn, scikit-learn, scikit-fuzzy, pyforest, opencv-contrib-python, nltk, mlflow, keras, ipykernel
Successfully installed Flask-2.0.2 Mako-1.1.6 MarkupSafe-2.0.1 Werkzeug-2.0.2 alembic-1.4.1 backcall-0.2.0 bokeh-2.4.1 certifi-2021.10.8 charset-normalizer-2.0.7 click-8.0.3 cloudpickle-2.0.0 cycler-0.11.0 dask-2021.11.1 databricks-cli-0.16.2 debugpy-1.5.1 decorator-5.1.0 distributed-2021.11.1 docker-5.0.3 entrypoints-0.3 fonttools-4.28.1 fsspec-2021.11.0 gitdb-4.0.9 gitpython-3.1.24 gunicorn-20.1.0 heapdict-1.0.1 idna-3.3 importlib-metadata-4.8.2 ipykernel-6.5.0 ipython-7.29.0 itsdangerous-2.0.1 jedi-0.18.1 jinja2-3.0.3 joblib-1.1.0 jupyter-client-7.0.6 jupyter-core-4.9.1 keras-2.7.0 kiwisolver-1.3.2 locket-0.2.1 matplotlib-3.5.0 matplotlib-inline-0.1.3 mlflow-1.21.0 msgpack-1.0.2 nest-asyncio-1.5.1 networkx-2.6.3 nltk-3.6.5 numpy-1.21.4 opencv-contrib-python-4.5.3.56 packaging-21.2 pandas-1.3.4 parso-0.8.2 partd-1.2.0 pexpect-4.8.0 pickleshare-0.7.5 pillow-8.4.0 prometheus-client-0.12.0 prometheus-flask-exporter-0.18.5 prompt-toolkit-3.0.22 protobuf-3.19.1 psutil-5.8.0 ptyprocess-0.7.0 pyforest-1.1.0 pygments-2.10.0 pyparsing-2.4.7 python-dateutil-2.8.2 python-editor-1.0.4 pytz-2021.3 pyyaml-6.0 pyzmq-22.3.0 querystring-parser-1.2.4 regex-2021.11.10 requests-2.26.0 scikit-fuzzy-0.4.2 scikit-learn-1.0.1 scipy-1.7.2 seaborn-0.11.2 six-1.16.0 smmap-5.0.0 sortedcontainers-2.4.0 sqlalchemy-1.4.27 sqlparse-0.4.2 tabulate-0.8.9 tblib-1.7.0 theano-1.0.5 threadpoolctl-3.0.0 toolz-0.11.2 tornado-6.1 tqdm-4.62.3 traitlets-5.1.1 typing-extensions-4.0.0 urllib3-1.26.7 wcwidth-0.2.5 websocket-client-1.2.1 zict-2.0.0 zipp-3.6.0
Installed kernelspec envpyai in /home/jupyter/.local/share/jupyter/kernels/envpyai
Removing intermediate container 7c3b7a9a8fd8
 ---> edad1408a2d4
Successfully built edad1408a2d4
Successfully tagged joursain/rpi-ai-jupyterlab:buster
