Sending build context to Docker daemon  443.7MB
Step 1/18 : FROM joursain/rpi-jupyterlab:latest
# Executing 1 build trigger
 ---> Using cache
 ---> 34b2fc66d7b5
Step 2/18 : LABEL "guru.raraavis.creator"="blog@raraavis.guru"
 ---> Using cache
 ---> 617fb57e982c
Step 3/18 : LABEL "guru.raraavis.version"="1.1.0"
 ---> Using cache
 ---> f12dca228208
Step 4/18 : LABEL "guru.raraavis.release-date"="28/02/2021"
 ---> Using cache
 ---> a2ac6998359f
Step 5/18 : LABEL "guru.raraavis.description"="Raspberry Pi image with JupyterLab Kernels"
 ---> Using cache
 ---> 8eadea9aed65
Step 6/18 : USER	root
 ---> Using cache
 ---> e5257d113bbc
Step 7/18 : RUN	whoami && pwd && ls -la
 ---> Using cache
 ---> 711421032c69
Step 8/18 : WORKDIR	/home/jupyter/ai
 ---> Using cache
 ---> 1a6e50eebc9a
Step 9/18 : RUN	chown -R jupyter:jupyter /home/jupyter/ai
 ---> Using cache
 ---> e70ddd02b5cc
Step 10/18 : USER	jupyter
 ---> Using cache
 ---> f655e085096e
Step 11/18 : COPY --chown=jupyter    tensorflow-2.4.4-cp37-none-linux_armv7l.whl .
 ---> Using cache
 ---> 5ad7c0a56f5d
Step 12/18 : COPY --chown=jupyter    torch-1.8.0a0+37c1f4a-cp37-cp37m-linux_armv7l.whl .
 ---> Using cache
 ---> 8c75b8a08c1b
Step 13/18 : RUN	pwd && whoami && ls -la
 ---> Using cache
 ---> 756e553dff5d
Step 14/18 : RUN	python3 -m venv env
 ---> Using cache
 ---> b2d462dadcbe
Step 15/18 : RUN	ls -la
 ---> Using cache
 ---> a8b8ff127a4d
Step 16/18 : RUN	source env/bin/activate && 	python3 -m pip install --upgrade pip setuptools wheel && 	python3 -m pip install --extra-index-url https://google-coral.github.io/py-repo/ tflite_runtime && 	python3 -m pip install 		tflite-runtime && 	python3 -m pip install                 torch-1.8.0a0+37c1f4a-cp37-cp37m-linux_armv7l.whl 		ipykernel 		dask[complete] 		keras 		numpy 		scipy 		scikit-learn 		pandas 		matplotlib 		opencv-contrib-python==4.5.3.56 		theano 		seaborn 		scikit-fuzzy 		mlflow 		pyforest 		typing-extensions 		nltk && 	python3 -m ipykernel install --user --display-name='Python AI Lite' --name=envpyai && 	deactivate
 ---> Running in b56ccf872c78
Looking in indexes: https://pypi.org/simple, https://www.piwheels.org/simple
Collecting pip
  Downloading https://files.pythonhosted.org/packages/a4/6d/6463d49a933f547439d6b5b98b46af8742cc03ae83543e4d7688c2420f8b/pip-21.3.1-py3-none-any.whl (1.7MB)
Collecting setuptools
  Downloading https://files.pythonhosted.org/packages/a8/50/76fb9cfe521b531feecd932ab920cd6e32f6838527af7b34ef78d5f39a18/setuptools-58.4.0-py3-none-any.whl (946kB)
Collecting wheel
  Downloading https://files.pythonhosted.org/packages/04/80/cad93b40262f5d09f6de82adbee452fd43cdff60830b56a74c5930f7e277/wheel-0.37.0-py2.py3-none-any.whl
Installing collected packages: pip, setuptools, wheel
  Found existing installation: pip 18.1
    Uninstalling pip-18.1:
      Successfully uninstalled pip-18.1
  Found existing installation: setuptools 40.8.0
    Uninstalling setuptools-40.8.0:
      Successfully uninstalled setuptools-40.8.0
Successfully installed pip-21.3.1 setuptools-58.4.0 wheel-0.37.0
Looking in indexes: https://pypi.org/simple, https://www.piwheels.org/simple, https://google-coral.github.io/py-repo/
Collecting tflite_runtime
  Downloading https://github.com/google-coral/pycoral/releases/download/v2.0.0/tflite_runtime-2.5.0.post1-cp37-cp37m-linux_armv7l.whl (1.3 MB)
Collecting numpy>=1.16.0
  Downloading https://www.piwheels.org/simple/numpy/numpy-1.21.3-cp37-cp37m-linux_armv7l.whl (12.3 MB)
Installing collected packages: numpy, tflite-runtime
Successfully installed numpy-1.21.3 tflite-runtime-2.5.0.post1
Looking in indexes: https://pypi.org/simple, https://www.piwheels.org/simple
Requirement already satisfied: tflite-runtime in ./env/lib/python3.7/site-packages (2.5.0.post1)
Requirement already satisfied: numpy>=1.16.0 in ./env/lib/python3.7/site-packages (from tflite-runtime) (1.21.3)
Looking in indexes: https://pypi.org/simple, https://www.piwheels.org/simple
Processing ./torch-1.8.0a0+37c1f4a-cp37-cp37m-linux_armv7l.whl
Collecting ipykernel
  Downloading ipykernel-6.5.0-py3-none-any.whl (125 kB)
Collecting dask[complete]
  Downloading https://www.piwheels.org/simple/dask/dask-2021.10.0-py3-none-any.whl (1.0 MB)
Collecting keras
  Downloading keras-2.6.0-py2.py3-none-any.whl (1.3 MB)
Requirement already satisfied: numpy in ./env/lib/python3.7/site-packages (1.21.3)
Collecting scipy
  Downloading https://www.piwheels.org/simple/scipy/scipy-1.7.1-cp37-cp37m-linux_armv7l.whl (64.9 MB)
Collecting scikit-learn
  Downloading https://www.piwheels.org/simple/scikit-learn/scikit_learn-1.0.1-cp37-cp37m-linux_armv7l.whl (21.2 MB)
Collecting pandas
  Downloading https://www.piwheels.org/simple/pandas/pandas-1.3.4-cp37-cp37m-linux_armv7l.whl (33.6 MB)
Collecting matplotlib
  Downloading https://www.piwheels.org/simple/matplotlib/matplotlib-3.4.3-cp37-cp37m-linux_armv7l.whl (10.2 MB)
Collecting opencv-contrib-python==4.5.3.56
  Downloading https://www.piwheels.org/simple/opencv-contrib-python/opencv_contrib_python-4.5.3.56-cp37-cp37m-linux_armv7l.whl (16.4 MB)
Collecting theano
  Downloading https://www.piwheels.org/simple/theano/Theano-1.0.5-py3-none-any.whl (2.7 MB)
Collecting seaborn
  Downloading https://www.piwheels.org/simple/seaborn/seaborn-0.11.2-py3-none-any.whl (279 kB)
Collecting scikit-fuzzy
  Downloading https://www.piwheels.org/simple/scikit-fuzzy/scikit_fuzzy-0.4.2-py3-none-any.whl (894 kB)
Collecting mlflow
  Downloading https://www.piwheels.org/simple/mlflow/mlflow-1.21.0-py3-none-any.whl (16.9 MB)
Collecting pyforest
  Downloading https://www.piwheels.org/simple/pyforest/pyforest-1.1.0-py2.py3-none-any.whl (14 kB)
Collecting typing-extensions
  Downloading https://www.piwheels.org/simple/typing-extensions/typing_extensions-3.10.0.2-py3-none-any.whl (27 kB)
Collecting nltk
  Downloading https://www.piwheels.org/simple/nltk/nltk-3.6.5-py3-none-any.whl (1.5 MB)
Collecting argcomplete>=1.12.3
  Downloading https://www.piwheels.org/simple/argcomplete/argcomplete-1.12.3-py2.py3-none-any.whl (38 kB)
Collecting importlib-metadata<5
  Downloading https://www.piwheels.org/simple/importlib-metadata/importlib_metadata-4.8.1-py3-none-any.whl (17 kB)
Collecting jupyter-client<8.0
  Downloading https://www.piwheels.org/simple/jupyter-client/jupyter_client-7.0.6-py3-none-any.whl (125 kB)
Collecting ipython<8.0,>=7.23.1
  Downloading https://www.piwheels.org/simple/ipython/ipython-7.29.0-py3-none-any.whl (790 kB)
Collecting traitlets<6.0,>=5.1.0
  Downloading https://www.piwheels.org/simple/traitlets/traitlets-5.1.1-py3-none-any.whl (102 kB)
Collecting matplotlib-inline<0.2.0,>=0.1.0
  Downloading https://www.piwheels.org/simple/matplotlib-inline/matplotlib_inline-0.1.3-py3-none-any.whl (9.1 kB)
Collecting tornado<7.0,>=4.2
  Downloading https://www.piwheels.org/simple/tornado/tornado-6.1-cp37-cp37m-linux_armv7l.whl (428 kB)
Collecting debugpy<2.0,>=1.0.0
  Downloading https://www.piwheels.org/simple/debugpy/debugpy-1.5.1-cp37-cp37m-linux_armv7l.whl (2.6 MB)
Collecting pyyaml
  Downloading https://www.piwheels.org/simple/pyyaml/PyYAML-6.0-cp37-cp37m-linux_armv7l.whl (45 kB)
Collecting partd>=0.3.10
  Downloading https://www.piwheels.org/simple/partd/partd-1.2.0-py3-none-any.whl (19 kB)
Collecting toolz>=0.8.2
  Downloading https://www.piwheels.org/simple/toolz/toolz-0.11.1-py3-none-any.whl (55 kB)
Collecting packaging>=20.0
  Downloading https://www.piwheels.org/simple/packaging/packaging-21.2-py3-none-any.whl (40 kB)
Collecting cloudpickle>=1.1.1
  Downloading https://www.piwheels.org/simple/cloudpickle/cloudpickle-2.0.0-py3-none-any.whl (25 kB)
Collecting fsspec>=0.6.0
  Downloading https://www.piwheels.org/simple/fsspec/fsspec-2021.10.1-py3-none-any.whl (125 kB)
Collecting distributed==2021.10.0
  Downloading https://www.piwheels.org/simple/distributed/distributed-2021.10.0-py3-none-any.whl (787 kB)
Collecting bokeh!=2.0.0,>=1.0.0
  Downloading https://www.piwheels.org/simple/bokeh/bokeh-2.4.1-py3-none-any.whl (18.5 MB)
Collecting jinja2
  Downloading https://www.piwheels.org/simple/jinja2/Jinja2-3.0.2-py3-none-any.whl (133 kB)
Requirement already satisfied: setuptools in ./env/lib/python3.7/site-packages (from distributed==2021.10.0->dask[complete]) (58.4.0)
Collecting tblib>=1.6.0
  Downloading https://www.piwheels.org/simple/tblib/tblib-1.7.0-py2.py3-none-any.whl (12 kB)
Collecting psutil>=5.0
  Downloading https://www.piwheels.org/simple/psutil/psutil-5.8.0-cp37-cp37m-linux_armv7l.whl (296 kB)
Collecting click>=6.6
  Downloading https://www.piwheels.org/simple/click/click-8.0.3-py3-none-any.whl (97 kB)
Collecting sortedcontainers!=2.0.0,!=2.0.1
  Downloading https://www.piwheels.org/simple/sortedcontainers/sortedcontainers-2.4.0-py2.py3-none-any.whl (29 kB)
Collecting msgpack>=0.6.0
  Downloading https://www.piwheels.org/simple/msgpack/msgpack-1.0.2-cp37-cp37m-linux_armv7l.whl (267 kB)
Collecting zict>=0.1.3
  Downloading https://www.piwheels.org/simple/zict/zict-2.0.0-py3-none-any.whl (10 kB)
Collecting joblib>=0.11
  Downloading https://www.piwheels.org/simple/joblib/joblib-1.1.0-py2.py3-none-any.whl (306 kB)
Collecting threadpoolctl>=2.0.0
  Downloading https://www.piwheels.org/simple/threadpoolctl/threadpoolctl-3.0.0-py3-none-any.whl (14 kB)
Collecting python-dateutil>=2.7.3
  Downloading https://www.piwheels.org/simple/python-dateutil/python_dateutil-2.8.2-py2.py3-none-any.whl (247 kB)
Collecting pytz>=2017.3
  Downloading https://www.piwheels.org/simple/pytz/pytz-2021.3-py3-none-any.whl (511 kB)
Collecting pyparsing>=2.2.1
  Downloading https://www.piwheels.org/simple/pyparsing/pyparsing-3.0.4-py3-none-any.whl (96 kB)
Collecting cycler>=0.10
  Downloading https://www.piwheels.org/simple/cycler/cycler-0.11.0-py3-none-any.whl (6.4 kB)
Collecting pillow>=6.2.0
  Downloading https://www.piwheels.org/simple/pillow/Pillow-8.4.0-cp37-cp37m-linux_armv7l.whl (1.3 MB)
Collecting kiwisolver>=1.0.1
  Downloading https://www.piwheels.org/simple/kiwisolver/kiwisolver-1.3.2-cp37-cp37m-linux_armv7l.whl (1.4 MB)
Collecting six>=1.9.0
  Downloading https://www.piwheels.org/simple/six/six-1.16.0-py2.py3-none-any.whl (11 kB)
Collecting networkx>=1.9.0
  Downloading https://www.piwheels.org/simple/networkx/networkx-2.6.3-py3-none-any.whl (1.9 MB)
Collecting protobuf>=3.7.0
  Downloading https://www.piwheels.org/simple/protobuf/protobuf-3.19.1-py2.py3-none-any.whl (162 kB)
Collecting Flask
  Downloading https://www.piwheels.org/simple/flask/Flask-2.0.2-py3-none-any.whl (95 kB)
Collecting sqlalchemy
  Downloading https://www.piwheels.org/simple/sqlalchemy/SQLAlchemy-1.4.26-cp37-cp37m-linux_armv7l.whl (1.6 MB)
Collecting querystring-parser
  Downloading https://www.piwheels.org/simple/querystring-parser/querystring_parser-1.2.4-py3-none-any.whl (8.0 kB)
Collecting gunicorn
  Downloading https://www.piwheels.org/simple/gunicorn/gunicorn-20.1.0-py3-none-any.whl (81 kB)
Collecting sqlparse>=0.3.1
  Downloading https://www.piwheels.org/simple/sqlparse/sqlparse-0.4.2-py3-none-any.whl (40 kB)
Collecting gitpython>=2.1.0
  Downloading https://www.piwheels.org/simple/gitpython/GitPython-3.1.24-py3-none-any.whl (180 kB)
Collecting requests>=2.17.3
  Downloading https://www.piwheels.org/simple/requests/requests-2.26.0-py2.py3-none-any.whl (62 kB)
Collecting alembic<=1.4.1
  Downloading https://www.piwheels.org/simple/alembic/alembic-1.4.1-py2.py3-none-any.whl (160 kB)
Collecting entrypoints
  Downloading https://www.piwheels.org/simple/entrypoints/entrypoints-0.3-py2.py3-none-any.whl (11 kB)
Collecting prometheus-flask-exporter
  Downloading https://www.piwheels.org/simple/prometheus-flask-exporter/prometheus_flask_exporter-0.18.5-py3-none-any.whl (23 kB)
Collecting docker>=4.0.0
  Downloading https://www.piwheels.org/simple/docker/docker-5.0.3-py2.py3-none-any.whl (146 kB)
Collecting databricks-cli>=0.8.7
  Downloading https://www.piwheels.org/simple/databricks-cli/databricks_cli-0.16.2-py3-none-any.whl (108 kB)
Collecting regex>=2021.8.3
  Downloading https://www.piwheels.org/simple/regex/regex-2021.10.23-cp37-cp37m-linux_armv7l.whl (631 kB)
Collecting tqdm
  Downloading https://www.piwheels.org/simple/tqdm/tqdm-4.62.3-py2.py3-none-any.whl (76 kB)
Collecting python-editor>=0.3
  Downloading https://www.piwheels.org/simple/python-editor/python_editor-1.0.4-py3-none-any.whl (4.9 kB)
Collecting Mako
  Downloading https://www.piwheels.org/simple/mako/Mako-1.1.5-py2.py3-none-any.whl (76 kB)
Collecting tabulate>=0.7.7
  Downloading https://www.piwheels.org/simple/tabulate/tabulate-0.8.9-py3-none-any.whl (25 kB)
Collecting websocket-client>=0.32.0
  Downloading https://www.piwheels.org/simple/websocket-client/websocket_client-1.2.1-py2.py3-none-any.whl (52 kB)
Collecting gitdb<5,>=4.0.1
  Downloading https://www.piwheels.org/simple/gitdb/gitdb-4.0.9-py3-none-any.whl (63 kB)
Collecting zipp>=0.5
  Downloading https://www.piwheels.org/simple/zipp/zipp-3.6.0-py3-none-any.whl (5.3 kB)
Collecting jedi>=0.16
  Downloading https://www.piwheels.org/simple/jedi/jedi-0.18.0-py2.py3-none-any.whl (1.4 MB)
Collecting pexpect>4.3
  Downloading https://www.piwheels.org/simple/pexpect/pexpect-4.8.0-py2.py3-none-any.whl (59 kB)
Collecting pygments
  Downloading https://www.piwheels.org/simple/pygments/Pygments-2.10.0-py3-none-any.whl (1.0 MB)
Collecting decorator
  Downloading https://www.piwheels.org/simple/decorator/decorator-5.1.0-py3-none-any.whl (10 kB)
Collecting pickleshare
  Downloading https://www.piwheels.org/simple/pickleshare/pickleshare-0.7.5-py2.py3-none-any.whl (6.9 kB)
Collecting prompt-toolkit!=3.0.0,!=3.0.1,<3.1.0,>=2.0.0
  Downloading https://www.piwheels.org/simple/prompt-toolkit/prompt_toolkit-3.0.21-py3-none-any.whl (374 kB)
Collecting backcall
  Downloading https://www.piwheels.org/simple/backcall/backcall-0.2.0-py2.py3-none-any.whl (11 kB)
Collecting MarkupSafe>=2.0
  Downloading https://www.piwheels.org/simple/markupsafe/MarkupSafe-2.0.1-cp37-cp37m-linux_armv7l.whl (31 kB)
Collecting pyzmq>=13
  Downloading https://www.piwheels.org/simple/pyzmq/pyzmq-22.3.0-cp37-cp37m-linux_armv7l.whl (6.7 MB)
Collecting jupyter-core>=4.6.0
  Downloading https://www.piwheels.org/simple/jupyter-core/jupyter_core-4.9.1-py3-none-any.whl (86 kB)
Collecting nest-asyncio>=1.5
  Downloading https://www.piwheels.org/simple/nest-asyncio/nest_asyncio-1.5.1-py3-none-any.whl (5.0 kB)
Collecting pyparsing>=2.2.1
  Downloading https://www.piwheels.org/simple/pyparsing/pyparsing-2.4.7-py2.py3-none-any.whl (67 kB)
Collecting locket
  Downloading https://www.piwheels.org/simple/locket/locket-0.2.1-py2.py3-none-any.whl (4.1 kB)
Collecting certifi>=2017.4.17
  Downloading https://www.piwheels.org/simple/certifi/certifi-2021.10.8-py2.py3-none-any.whl (151 kB)
Collecting charset-normalizer~=2.0.0
  Downloading https://www.piwheels.org/simple/charset-normalizer/charset_normalizer-2.0.7-py3-none-any.whl (42 kB)
Collecting urllib3<1.27,>=1.21.1
  Downloading https://www.piwheels.org/simple/urllib3/urllib3-1.26.7-py2.py3-none-any.whl (155 kB)
Collecting idna<4,>=2.5
  Downloading https://www.piwheels.org/simple/idna/idna-3.3-py3-none-any.whl (64 kB)
Collecting itsdangerous>=2.0
  Downloading https://www.piwheels.org/simple/itsdangerous/itsdangerous-2.0.1-py3-none-any.whl (18 kB)
Collecting Werkzeug>=2.0
  Downloading https://www.piwheels.org/simple/werkzeug/Werkzeug-2.0.2-py3-none-any.whl (288 kB)
Collecting prometheus-client
  Downloading https://www.piwheels.org/simple/prometheus-client/prometheus_client-0.12.0-py2.py3-none-any.whl (60 kB)
Collecting smmap<6,>=3.0.1
  Downloading https://www.piwheels.org/simple/smmap/smmap-5.0.0-py3-none-any.whl (24 kB)
Collecting parso<0.9.0,>=0.8.0
  Downloading https://www.piwheels.org/simple/parso/parso-0.8.2-py2.py3-none-any.whl (94 kB)
Collecting ptyprocess>=0.5
  Downloading https://www.piwheels.org/simple/ptyprocess/ptyprocess-0.7.0-py2.py3-none-any.whl (13 kB)
Collecting wcwidth
  Downloading https://www.piwheels.org/simple/wcwidth/wcwidth-0.2.5-py2.py3-none-any.whl (30 kB)
Collecting heapdict
  Downloading https://www.piwheels.org/simple/heapdict/HeapDict-1.0.1-py3-none-any.whl (3.9 kB)
Installing collected packages: zipp, typing-extensions, toolz, pyparsing, MarkupSafe, locket, importlib-metadata, Werkzeug, wcwidth, urllib3, traitlets, smmap, six, pyyaml, ptyprocess, partd, parso, packaging, jinja2, itsdangerous, idna, heapdict, fsspec, cloudpickle, click, charset-normalizer, certifi, zict, websocket-client, tornado, tblib, tabulate, sqlalchemy, sortedcontainers, requests, pyzmq, pytz, python-editor, python-dateutil, pygments, psutil, prompt-toolkit, prometheus-client, pillow, pickleshare, pexpect, nest-asyncio, msgpack, matplotlib-inline, Mako, kiwisolver, jupyter-core, jedi, gitdb, Flask, entrypoints, decorator, dask, cycler, backcall, tqdm, threadpoolctl, sqlparse, scipy, regex, querystring-parser, protobuf, prometheus-flask-exporter, pandas, networkx, matplotlib, jupyter-client, joblib, ipython, gunicorn, gitpython, docker, distributed, debugpy, databricks-cli, bokeh, argcomplete, alembic, torch, theano, seaborn, scikit-learn, scikit-fuzzy, pyforest, opencv-contrib-python, nltk, mlflow, keras, ipykernel
Successfully installed Flask-2.0.2 Mako-1.1.5 MarkupSafe-2.0.1 Werkzeug-2.0.2 alembic-1.4.1 argcomplete-1.12.3 backcall-0.2.0 bokeh-2.4.1 certifi-2021.10.8 charset-normalizer-2.0.7 click-8.0.3 cloudpickle-2.0.0 cycler-0.11.0 dask-2021.10.0 databricks-cli-0.16.2 debugpy-1.5.1 decorator-5.1.0 distributed-2021.10.0 docker-5.0.3 entrypoints-0.3 fsspec-2021.10.1 gitdb-4.0.9 gitpython-3.1.24 gunicorn-20.1.0 heapdict-1.0.1 idna-3.3 importlib-metadata-4.8.1 ipykernel-6.5.0 ipython-7.29.0 itsdangerous-2.0.1 jedi-0.18.0 jinja2-3.0.2 joblib-1.1.0 jupyter-client-7.0.6 jupyter-core-4.9.1 keras-2.6.0 kiwisolver-1.3.2 locket-0.2.1 matplotlib-3.4.3 matplotlib-inline-0.1.3 mlflow-1.21.0 msgpack-1.0.2 nest-asyncio-1.5.1 networkx-2.6.3 nltk-3.6.5 opencv-contrib-python-4.5.3.56 packaging-21.2 pandas-1.3.4 parso-0.8.2 partd-1.2.0 pexpect-4.8.0 pickleshare-0.7.5 pillow-8.4.0 prometheus-client-0.12.0 prometheus-flask-exporter-0.18.5 prompt-toolkit-3.0.21 protobuf-3.19.1 psutil-5.8.0 ptyprocess-0.7.0 pyforest-1.1.0 pygments-2.10.0 pyparsing-2.4.7 python-dateutil-2.8.2 python-editor-1.0.4 pytz-2021.3 pyyaml-6.0 pyzmq-22.3.0 querystring-parser-1.2.4 regex-2021.10.23 requests-2.26.0 scikit-fuzzy-0.4.2 scikit-learn-1.0.1 scipy-1.7.1 seaborn-0.11.2 six-1.16.0 smmap-5.0.0 sortedcontainers-2.4.0 sqlalchemy-1.4.26 sqlparse-0.4.2 tabulate-0.8.9 tblib-1.7.0 theano-1.0.5 threadpoolctl-3.0.0 toolz-0.11.1 torch-1.8.0a0+37c1f4a tornado-6.1 tqdm-4.62.3 traitlets-5.1.1 typing-extensions-3.10.0.2 urllib3-1.26.7 wcwidth-0.2.5 websocket-client-1.2.1 zict-2.0.0 zipp-3.6.0
Installed kernelspec envpyai in /home/jupyter/.local/share/jupyter/kernels/envpyai
Removing intermediate container b56ccf872c78
 ---> 14768bf3b8b6
Step 17/18 : RUN	rm torch-1.8.0a0+37c1f4a-cp37-cp37m-linux_armv7l.whl
 ---> Running in 85b2eced4dc9
Removing intermediate container 85b2eced4dc9
 ---> 2f19c10593fc
Step 18/18 : RUN	ls -la /home/jupyter/ai
 ---> Running in a269c3e45ef7
total 148004
drwxr-xr-x 1 jupyter jupyter      4096 Nov  1 19:11 .
drwxr-xr-x 1 jupyter jupyter      4096 Nov  1 19:02 ..
drwxr-xr-x 1 jupyter jupyter      4096 Nov  1 01:14 env
-rw-r--r-- 1 jupyter jupyter 151537782 Oct 31 15:09 tensorflow-2.4.4-cp37-none-linux_armv7l.whl
Removing intermediate container a269c3e45ef7
 ---> 00dbb3300dd2
Successfully built 00dbb3300dd2
Successfully tagged joursain/rpi-jupyterlab-ai:latest
